<?xml version="1.0" encoding="utf-8"?><testsuites name="pytest tests"><testsuite name="pytest" errors="0" failures="0" skipped="0" tests="14" time="1.817" timestamp="2026-04-05T05:55:34.865905+00:00" hostname="agent-env-30ed2e00-ef7f-43a7-821d-de07b47f260c"><testcase classname="backend.tests.test_combined_endpoints.TestPublicInitEndpoint" name="test_public_init_returns_200" time="0.260" /><testcase classname="backend.tests.test_combined_endpoints.TestPublicInitEndpoint" name="test_public_init_returns_all_expected_keys" time="0.105" /><testcase classname="backend.tests.test_combined_endpoints.TestPublicInitEndpoint" name="test_public_init_site_data_structure" time="0.103" /><testcase classname="backend.tests.test_combined_endpoints.TestPublicInitEndpoint" name="test_public_init_registration_counts_structure" time="0.103" /><testcase classname="backend.tests.test_combined_endpoints.TestPublicInitEndpoint" name="test_public_init_form_status_structure" time="0.147" /><testcase classname="backend.tests.test_combined_endpoints.TestPublicInitEndpoint" name="test_public_init_advocates_is_list" time="0.109" /><testcase classname="backend.tests.test_combined_endpoints.TestPublicInitEndpoint" name="test_public_init_testimonials_is_list" time="0.136" /><testcase classname="backend.tests.test_combined_endpoints.TestAdminInitEndpoint" name="test_admin_init_returns_200" time="0.103" /><testcase classname="backend.tests.test_combined_endpoints.TestAdminInitEndpoint" name="test_admin_init_returns_all_expected_keys" time="0.100" /><testcase classname="backend.tests.test_combined_endpoints.TestAdminInitEndpoint" name="test_admin_init_registrations_is_list" time="0.100" /><testcase classname="backend.tests.test_combined_endpoints.TestAdminInitEndpoint" name="test_admin_init_tasks_is_list" time="0.150" /><testcase classname="backend.tests.test_combined_endpoints.TestHealthAndBasicEndpoints" name="test_health_endpoint" time="0.102" /><testcase classname="backend.tests.test_combined_endpoints.TestHealthAndBasicEndpoints" name="test_registrations_count_endpoint" time="0.098" /><testcase classname="backend.tests.test_combined_endpoints.TestHealthAndBasicEndpoints" name="test_leaderboard_endpoint" time="0.092" /></testsuite></testsuites>