<?xml version="1.0" encoding="utf-8"?><testsuites name="pytest tests"><testsuite name="pytest" errors="0" failures="0" skipped="0" tests="19" time="1.503" timestamp="2026-04-27T19:10:28.149149+00:00" hostname="agent-env-30ed2e00-ef7f-43a7-821d-de07b47f260c"><testcase classname="backend.tests.test_gallery_badges.TestCreateGalleryBadge" name="test_create_contributor" time="0.265" /><testcase classname="backend.tests.test_gallery_badges.TestCreateGalleryBadge" name="test_create_mentor" time="0.092" /><testcase classname="backend.tests.test_gallery_badges.TestCreateGalleryBadge" name="test_create_admin" time="0.072" /><testcase classname="backend.tests.test_gallery_badges.TestCreateGalleryBadge" name="test_at_symbol_stripped_from_github" time="0.049" /><testcase classname="backend.tests.test_gallery_badges.TestCreateGalleryBadge" name="test_invalid_role_rejected" time="0.058" /><testcase classname="backend.tests.test_gallery_badges.TestCreateGalleryBadge" name="test_tagline_over_140_rejected" time="0.054" /><testcase classname="backend.tests.test_gallery_badges.TestCreateGalleryBadge" name="test_tagline_exactly_140_ok" time="0.053" /><testcase classname="backend.tests.test_gallery_badges.TestCreateGalleryBadge" name="test_empty_name_rejected" time="0.052" /><testcase classname="backend.tests.test_gallery_badges.TestCreateGalleryBadge" name="test_empty_github_rejected" time="0.059" /><testcase classname="backend.tests.test_gallery_badges.TestCreateGalleryBadge" name="test_missing_role_rejected" time="0.050" /><testcase classname="backend.tests.test_gallery_badges.TestListGalleryBadges" name="test_list_returns_array" time="0.052" /><testcase classname="backend.tests.test_gallery_badges.TestListGalleryBadges" name="test_list_excludes_mongo_id" time="0.054" /><testcase classname="backend.tests.test_gallery_badges.TestListGalleryBadges" name="test_list_sorted_desc_by_created_at" time="0.058" /><testcase classname="backend.tests.test_gallery_badges.TestListGalleryBadges" name="test_filter_by_mentor" time="0.056" /><testcase classname="backend.tests.test_gallery_badges.TestListGalleryBadges" name="test_filter_by_contributor" time="0.064" /><testcase classname="backend.tests.test_gallery_badges.TestListGalleryBadges" name="test_filter_by_admin" time="0.057" /><testcase classname="backend.tests.test_gallery_badges.TestListGalleryBadges" name="test_invalid_filter_returns_all" time="0.117" /><testcase classname="backend.tests.test_gallery_badges.TestCountGalleryBadges" name="test_count_structure" time="0.059" /><testcase classname="backend.tests.test_gallery_badges.TestCountGalleryBadges" name="test_count_consistency" time="0.064" /></testsuite></testsuites>