<?xml version="1.0" encoding="utf-8"?><testsuites name="pytest tests"><testsuite name="pytest" errors="0" failures="0" skipped="0" tests="16" time="6.497" timestamp="2026-04-04T15:37:15.222629+00:00" hostname="agent-env-30ed2e00-ef7f-43a7-821d-de07b47f260c"><testcase classname="backend.tests.test_leaderboard_api.TestAdvocateTasksCRUD" name="test_get_advocate_tasks" time="0.258" /><testcase classname="backend.tests.test_leaderboard_api.TestAdvocateTasksCRUD" name="test_create_advocate_task" time="0.365" /><testcase classname="backend.tests.test_leaderboard_api.TestAdvocateTasksCRUD" name="test_update_advocate_task" time="0.467" /><testcase classname="backend.tests.test_leaderboard_api.TestAdvocateTasksCRUD" name="test_update_nonexistent_task" time="0.110" /><testcase classname="backend.tests.test_leaderboard_api.TestAdvocateTasksCRUD" name="test_delete_advocate_task" time="0.351" /><testcase classname="backend.tests.test_leaderboard_api.TestTaskCompletions" name="test_get_task_completions" time="0.455" /><testcase classname="backend.tests.test_leaderboard_api.TestTaskCompletions" name="test_assign_task_completion" time="0.746" /><testcase classname="backend.tests.test_leaderboard_api.TestTaskCompletions" name="test_assign_duplicate_completion" time="0.700" /><testcase classname="backend.tests.test_leaderboard_api.TestTaskCompletions" name="test_unassign_task_completion" time="0.673" /><testcase classname="backend.tests.test_leaderboard_api.TestTaskCompletions" name="test_unassign_nonexistent_completion" time="0.431" /><testcase classname="backend.tests.test_leaderboard_api.TestLeaderboard" name="test_get_leaderboard" time="0.102" /><testcase classname="backend.tests.test_leaderboard_api.TestLeaderboard" name="test_leaderboard_entry_structure" time="0.108" /><testcase classname="backend.tests.test_leaderboard_api.TestLeaderboard" name="test_leaderboard_sorted_by_score" time="0.103" /><testcase classname="backend.tests.test_leaderboard_api.TestLeaderboard" name="test_leaderboard_ranks_sequential" time="0.094" /><testcase classname="backend.tests.test_leaderboard_api.TestLeaderboardIntegration" name="test_score_updates_after_task_completion" time="0.805" /><testcase classname="backend.tests.test_leaderboard_api.TestLeaderboardIntegration" name="test_delete_task_removes_completions" time="0.635" /></testsuite></testsuites>