<?xml version="1.0" encoding="utf-8"?><testsuites name="pytest tests"><testsuite name="pytest" errors="0" failures="0" skipped="0" tests="10" time="3.748" timestamp="2026-04-05T06:07:38.000624+00:00" hostname="agent-env-30ed2e00-ef7f-43a7-821d-de07b47f260c"><testcase classname="backend.tests.test_p1_features.TestSectionTimestamps" name="test_section_timestamps_endpoint_exists" time="0.161" /><testcase classname="backend.tests.test_p1_features.TestSectionTimestamps" name="test_admin_init_includes_section_timestamps" time="0.113" /><testcase classname="backend.tests.test_p1_features.TestSectionTimestamps" name="test_footer_save_updates_timestamp" time="1.400" /><testcase classname="backend.tests.test_p1_features.TestSectionTimestamps" name="test_site_data_save_updates_timestamp" time="1.381" /><testcase classname="backend.tests.test_p1_features.TestFooterPreviewData" name="test_footer_endpoint_returns_all_fields" time="0.107" /><testcase classname="backend.tests.test_p1_features.TestFooterPreviewData" name="test_footer_social_links_structure" time="0.097" /><testcase classname="backend.tests.test_p1_features.TestFooterPreviewData" name="test_footer_link_arrays_structure" time="0.124" /><testcase classname="backend.tests.test_p1_features.TestPublicInitRegression" name="test_public_init_returns_all_keys" time="0.099" /><testcase classname="backend.tests.test_p1_features.TestPublicInitRegression" name="test_public_init_footer_has_preview_data" time="0.109" /><testcase classname="backend.tests.test_p1_features.TestAdminInitCombinedEndpoint" name="test_admin_init_returns_all_keys" time="0.099" /></testsuite></testsuites>