<?xml version="1.0" encoding="utf-8"?><testsuites name="pytest tests"><testsuite name="pytest" errors="0" failures="0" skipped="0" tests="19" time="2.174" timestamp="2026-04-05T06:22:16.560344+00:00" hostname="agent-env-30ed2e00-ef7f-43a7-821d-de07b47f260c"><testcase classname="backend.tests.test_p2_refactoring.TestJSModulesAccessibility" name="test_ui_components_js_accessible" time="0.164" /><testcase classname="backend.tests.test_p2_refactoring.TestJSModulesAccessibility" name="test_content_loaders_js_accessible" time="0.102" /><testcase classname="backend.tests.test_p2_refactoring.TestJSModulesAccessibility" name="test_registration_js_accessible" time="0.113" /><testcase classname="backend.tests.test_p2_refactoring.TestJSModulesAccessibility" name="test_script_js_accessible" time="0.119" /><testcase classname="backend.tests.test_p2_refactoring.TestAdminFilesAccessibility" name="test_admin_styles_css_accessible" time="0.092" /><testcase classname="backend.tests.test_p2_refactoring.TestAdminFilesAccessibility" name="test_admin_app_js_accessible" time="0.107" /><testcase classname="backend.tests.test_p2_refactoring.TestHTMLFilesLoadCorrectScripts" name="test_index_html_loads_all_scripts" time="0.132" /><testcase classname="backend.tests.test_p2_refactoring.TestHTMLFilesLoadCorrectScripts" name="test_admin_html_loads_external_files" time="0.116" /><testcase classname="backend.tests.test_p2_refactoring.TestCombinedEndpoints" name="test_public_init_endpoint" time="0.101" /><testcase classname="backend.tests.test_p2_refactoring.TestCombinedEndpoints" name="test_admin_init_endpoint" time="0.105" /><testcase classname="backend.tests.test_p2_refactoring.TestAPIEndpoints" name="test_health_endpoint" time="0.094" /><testcase classname="backend.tests.test_p2_refactoring.TestAPIEndpoints" name="test_registrations_count" time="0.095" /><testcase classname="backend.tests.test_p2_refactoring.TestAPIEndpoints" name="test_leaderboard_endpoint" time="0.130" /><testcase classname="backend.tests.test_p2_refactoring.TestAPIEndpoints" name="test_campus_advocates_endpoint" time="0.098" /><testcase classname="backend.tests.test_p2_refactoring.TestAPIEndpoints" name="test_testimonials_endpoint" time="0.103" /><testcase classname="backend.tests.test_p2_refactoring.TestAPIEndpoints" name="test_faqs_endpoint" time="0.101" /><testcase classname="backend.tests.test_p2_refactoring.TestAPIEndpoints" name="test_sponsors_endpoint" time="0.098" /><testcase classname="backend.tests.test_p2_refactoring.TestAPIEndpoints" name="test_footer_endpoint" time="0.133" /><testcase classname="backend.tests.test_p2_refactoring.TestLeaderboardPage" name="test_leaderboard_page_accessible" time="0.095" /></testsuite></testsuites>