<?xml version="1.0" encoding="utf-8"?><testsuites name="pytest tests"><testsuite name="pytest" errors="0" failures="0" skipped="0" tests="25" time="5.794" timestamp="2026-03-05T15:01:59.028737+00:00" hostname="agent-env-436e849c-07ea-4e9c-8857-07ea1437d30e"><testcase classname="backend.tests.test_ssoc_api.TestHealthCheck" name="test_health_endpoint" time="0.150" /><testcase classname="backend.tests.test_ssoc_api.TestSiteData" name="test_get_site_data" time="0.105" /><testcase classname="backend.tests.test_ssoc_api.TestOrganizersAPI" name="test_get_organizers" time="0.125" /><testcase classname="backend.tests.test_ssoc_api.TestOrganizersAPI" name="test_add_organizer" time="0.126" /><testcase classname="backend.tests.test_ssoc_api.TestOrganizersAPI" name="test_organizer_persistence" time="0.216" /><testcase classname="backend.tests.test_ssoc_api.TestCustomFieldsAPI" name="test_get_custom_fields_contributor" time="0.149" /><testcase classname="backend.tests.test_ssoc_api.TestCustomFieldsAPI" name="test_get_custom_fields_mentor" time="0.108" /><testcase classname="backend.tests.test_ssoc_api.TestCustomFieldsAPI" name="test_get_custom_fields_projectadmin" time="0.108" /><testcase classname="backend.tests.test_ssoc_api.TestCustomFieldsAPI" name="test_get_all_custom_fields" time="0.108" /><testcase classname="backend.tests.test_ssoc_api.TestFooterAPI" name="test_get_footer" time="0.111" /><testcase classname="backend.tests.test_ssoc_api.TestPagesAPI" name="test_get_all_pages" time="0.140" /><testcase classname="backend.tests.test_ssoc_api.TestApplyLinksAPI" name="test_get_apply_links" time="0.110" /><testcase classname="backend.tests.test_ssoc_api.TestProjectsAPI" name="test_get_projects" time="0.113" /><testcase classname="backend.tests.test_ssoc_api.TestMentorsAPI" name="test_get_mentors" time="0.106" /><testcase classname="backend.tests.test_ssoc_api.TestTestimonialsAPI" name="test_get_testimonials" time="0.119" /><testcase classname="backend.tests.test_ssoc_api.TestFAQsAPI" name="test_get_faqs" time="0.127" /><testcase classname="backend.tests.test_ssoc_api.TestRegistrationsAPI" name="test_get_registrations" time="0.120" /><testcase classname="backend.tests.test_ssoc_api.TestFOMOCounterAPI" name="test_get_registration_counts" time="0.108" /><testcase classname="backend.tests.test_ssoc_api.TestSponsorsAPI" name="test_get_sponsors" time="0.104" /><testcase classname="backend.tests.test_ssoc_api.TestSponsorsAPI" name="test_add_sponsor" time="0.115" /><testcase classname="backend.tests.test_ssoc_api.TestSponsorsAPI" name="test_sponsor_persistence" time="0.269" /><testcase classname="backend.tests.test_ssoc_api.TestSponsorsAPI" name="test_update_sponsor" time="0.386" /><testcase classname="backend.tests.test_ssoc_api.TestSponsorsAPI" name="test_delete_sponsor" time="0.374" /><testcase classname="backend.tests.test_ssoc_api.TestSponsorsAPI" name="test_sponsor_categories" time="0.583" /><testcase classname="backend.tests.test_ssoc_api.TestCombinedDataAPI" name="test_get_combined_data" time="1.651" /></testsuite></testsuites>