<?xml version="1.0" encoding="utf-8"?><testsuites name="pytest tests"><testsuite name="pytest" errors="0" failures="0" skipped="0" tests="17" time="3.265" timestamp="2026-04-04T15:20:18.483579+00:00" hostname="agent-env-30ed2e00-ef7f-43a7-821d-de07b47f260c"><testcase classname="backend.tests.test_registration_flows.TestRegistrationAPI" name="test_contributor_registration_success" time="0.224" /><testcase classname="backend.tests.test_registration_flows.TestRegistrationAPI" name="test_mentor_registration_success" time="0.130" /><testcase classname="backend.tests.test_registration_flows.TestRegistrationAPI" name="test_project_admin_registration_success" time="0.119" /><testcase classname="backend.tests.test_registration_flows.TestDuplicateRegistrationPrevention" name="test_duplicate_contributor_blocked" time="0.199" /><testcase classname="backend.tests.test_registration_flows.TestDuplicateRegistrationPrevention" name="test_duplicate_mentor_blocked" time="0.249" /><testcase classname="backend.tests.test_registration_flows.TestRoleRestrictions" name="test_contributor_cannot_become_mentor" time="0.211" /><testcase classname="backend.tests.test_registration_flows.TestRoleRestrictions" name="test_contributor_cannot_become_project_admin" time="0.202" /><testcase classname="backend.tests.test_registration_flows.TestRoleRestrictions" name="test_mentor_cannot_become_contributor" time="0.228" /><testcase classname="backend.tests.test_registration_flows.TestRoleRestrictions" name="test_mentor_can_become_project_admin" time="0.220" /><testcase classname="backend.tests.test_registration_flows.TestEmailCheckAPI" name="test_check_unregistered_email" time="0.195" /><testcase classname="backend.tests.test_registration_flows.TestEmailCheckAPI" name="test_check_registered_email" time="0.212" /><testcase classname="backend.tests.test_registration_flows.TestEmailCheckAPI" name="test_check_email_case_insensitive" time="0.213" /><testcase classname="backend.tests.test_registration_flows.TestFOMOCounter" name="test_fomo_counter_structure" time="0.099" /><testcase classname="backend.tests.test_registration_flows.TestFOMOCounter" name="test_fomo_counter_increments_on_registration" time="0.309" /><testcase classname="backend.tests.test_registration_flows.TestFormStatusAPI" name="test_form_status_endpoint" time="0.113" /><testcase classname="backend.tests.test_registration_flows.TestCampusAdvocatesAPI" name="test_get_campus_advocates" time="0.107" /><testcase classname="backend.tests.test_registration_flows.TestSponsorsAPI" name="test_get_sponsors" time="0.149" /></testsuite></testsuites>